<!DOCTYPE html PUBLIC "-//W3C//DTD XHTML 1.1//EN" "http://www.w3.org/TR/xhtml11/DTD/xhtml11.dtd">
<html xmlns="http://www.w3.org/1999/xhtml"><head><title>TestNG Report</title><style type="text/css">table {margin-bottom:10px;border-collapse:collapse;empty-cells:show}th,td {border:1px solid #009;padding:.25em .5em}th {vertical-align:bottom}td {vertical-align:top}table a {font-weight:bold}.stripe td {background-color: #E6EBF9}.num {text-align:right}.passedodd td {background-color: #3F3}.passedeven td {background-color: #0A0}.skippedodd td {background-color: #DDD}.skippedeven td {background-color: #CCC}.failedodd td,.attn {background-color: #F33}.failedeven td,.stripe .attn {background-color: #D00}.stacktrace {white-space:pre;font-family:monospace}.totop {font-size:85%;text-align:center;border-bottom:2px solid #000}</style></head><body><table><tr><th>Test</th><th># Passed</th><th># Skipped</th><th># Failed</th><th>Time (ms)</th><th>Included Groups</th><th>Excluded Groups</th></tr><tr><th colspan="7">Tests</th></tr><tr><td><a href="#t0">Test1</a></td><td class="num">23</td><td class="num">0</td><td class="num attn">7</td><td class="num">363 840</td><td></td><td></td></tr></table><table><thead><tr><th>Class</th><th>Method</th><th>Start</th><th>Time (ms)</th></tr></thead><tbody><tr><th colspan="4">Tests</th></tr></tbody><tbody id="t0"><tr><th colspan="4">Test1 &#8212; failed</th></tr><tr class="failedeven"><td rowspan="1">blog.Captcha_disable</td><td><a href="#m0">testUntitled3</a></td><td rowspan="1">1426577487916</td><td rowspan="1">30696</td></tr><tr class="failedodd"><td rowspan="1">blog.Captche_enable</td><td><a href="#m1">testUntitled3</a></td><td rowspan="1">1426577549429</td><td rowspan="1">30832</td></tr><tr class="failedeven"><td rowspan="1">blog.Comment</td><td><a href="#m2">testUntitled4</a></td><td rowspan="1">1426577518631</td><td rowspan="1">30796</td></tr><tr class="failedodd"><td rowspan="1">blog.JS_error_blog</td><td><a href="#m3">testUntitled4</a></td><td rowspan="1">1426577262468</td><td rowspan="1">9177</td></tr><tr class="failedeven"><td rowspan="1">clients.Navigation</td><td><a href="#m4">testUntitled10</a></td><td rowspan="1">1426577364112</td><td rowspan="1">31408</td></tr><tr class="failedodd"><td rowspan="1">contact.Contact_email_change</td><td><a href="#m5">testUntitled6</a></td><td rowspan="1">1426577432129</td><td rowspan="1">31629</td></tr><tr class="failedeven"><td rowspan="1">contact.Form_valid</td><td><a href="#m6">testUntitled6</a></td><td rowspan="1">1426577401450</td><td rowspan="1">30674</td></tr><tr><th colspan="4">Test1 &#8212; passed</th></tr><tr class="passedeven"><td rowspan="1">about.Contact_us</td><td><a href="#m7">testUntitled6</a></td><td rowspan="1">1426577301287</td><td rowspan="1">1353</td></tr><tr class="passedodd"><td rowspan="1">about.JS_error</td><td><a href="#m8">testUntitled4</a></td><td rowspan="1">1426577247328</td><td rowspan="1">2351</td></tr><tr class="passedeven"><td rowspan="1">about.Tabs</td><td><a href="#m9">testUntitled5</a></td><td rowspan="1">1426577297947</td><td rowspan="1">3336</td></tr><tr class="passedodd"><td rowspan="1">blog.Blog_page</td><td><a href="#m10">testUntitled2</a></td><td rowspan="1">1426577584396</td><td rowspan="1">7294</td></tr><tr class="passedeven"><td rowspan="1">blog.Captcha_empty</td><td><a href="#m11">testUntitled</a></td><td rowspan="1">1426577463768</td><td rowspan="1">9363</td></tr><tr class="passedodd"><td rowspan="1">blog.Captcha_invalid</td><td><a href="#m12">testUntitled2</a></td><td rowspan="1">1426577473138</td><td rowspan="1">14775</td></tr><tr class="passedeven"><td rowspan="1">blog.Details_page</td><td><a href="#m13">testUntitled</a></td><td rowspan="1">1426577580267</td><td rowspan="1">4125</td></tr><tr class="passedodd"><td rowspan="1">blog.JS_error_post</td><td><a href="#m14">testUntitled4</a></td><td rowspan="1">1426577271654</td><td rowspan="1">3127</td></tr><tr class="passedeven"><td rowspan="1">blog.Search</td><td><a href="#m15">testUntitled3</a></td><td rowspan="1">1426577591696</td><td rowspan="1">7801</td></tr><tr class="passedodd"><td rowspan="1">clients.Details</td><td><a href="#m16">testUntitled8</a></td><td rowspan="1">1426577302644</td><td rowspan="1">56224</td></tr><tr class="passedeven"><td rowspan="1">clients.Details_elements</td><td><a href="#m17">testUntitled9</a></td><td rowspan="1">1426577358872</td><td rowspan="1">5228</td></tr><tr class="passedodd"><td rowspan="1">clients.JS_error</td><td><a href="#m18">testUntitled4</a></td><td rowspan="1">1426577249687</td><td rowspan="1">6390</td></tr><tr class="passedeven"><td rowspan="1">clients.Website</td><td><a href="#m19">testUntitled7</a></td><td rowspan="1">1426577395535</td><td rowspan="1">2598</td></tr><tr class="passedodd"><td rowspan="1">contact.Form_empty</td><td><a href="#m20">testUntitled4</a></td><td rowspan="1">1426577400660</td><td rowspan="1">786</td></tr><tr class="passedeven"><td rowspan="1">contact.Form_invalid</td><td><a href="#m21">testUntitled3</a></td><td rowspan="1">1426577399101</td><td rowspan="1">1554</td></tr><tr class="passedodd"><td rowspan="1">contact.JS_error</td><td><a href="#m22">testUntitled4</a></td><td rowspan="1">1426577259735</td><td rowspan="1">2721</td></tr><tr class="passedeven"><td rowspan="1">home.Banner</td><td><a href="#m23">testUntitled4</a></td><td rowspan="1">1426577292208</td><td rowspan="1">5731</td></tr><tr class="passedodd"><td rowspan="1">home.JS_error</td><td><a href="#m24">testUntitled4</a></td><td rowspan="1">1426577238366</td><td rowspan="1">8949</td></tr><tr class="passedeven"><td rowspan="1">home.Newsletter_empty</td><td><a href="#m25">testUntitled</a></td><td rowspan="1">1426577274788</td><td rowspan="1">13680</td></tr><tr class="passedodd"><td rowspan="1">home.Newsletter_invalid</td><td><a href="#m26">testUntitled2</a></td><td rowspan="1">1426577288473</td><td rowspan="1">1477</td></tr><tr class="passedeven"><td rowspan="1">home.Newsletter_valid</td><td><a href="#m27">testUntitled3</a></td><td rowspan="1">1426577289957</td><td rowspan="1">2243</td></tr><tr class="passedodd"><td rowspan="1">services.JS_error</td><td><a href="#m28">testUntitled4</a></td><td rowspan="1">1426577256082</td><td rowspan="1">3648</td></tr><tr class="passedeven"><td rowspan="1">services.Page</td><td><a href="#m29">testUntitled2</a></td><td rowspan="1">1426577398138</td><td rowspan="1">959</td></tr></tbody></table><h2>Test1</h2><h3 id="m0">blog.Captcha_disable#testUntitled3</h3><table class="result"><tr><th>Exception</th></tr><tr><td><div class="stacktrace">org.openqa.selenium.NoSuchElementException: no such element
  (Session info: chrome=40.0.2214.115)
  (Driver info: chromedriver=2.9.248315,platform=Windows NT 6.2 x86_64) (WARNING: The server did not provide any stacktrace information)
Command duration or timeout: 30.06 seconds
For documentation on this error, please visit: http://seleniumhq.org/exceptions/no_such_element.html
Build info: version: &apos;2.44.0&apos;, revision: &apos;76d78cf&apos;, time: &apos;2014-10-23 20:03:00&apos;
System info: host: &apos;PC-SBARANOVA&apos;, ip: &apos;192.168.56.1&apos;, os.name: &apos;Windows 8&apos;, os.arch: &apos;amd64&apos;, os.version: &apos;6.2&apos;, java.version: &apos;1.8.0_25&apos;
Driver info: org.openqa.selenium.chrome.ChromeDriver
Capabilities [{applicationCacheEnabled=false, rotatable=false, chrome={userDataDir=C:\Users\Lana\AppData\Local\Temp\scoped_dir4508_9450}, takesHeapSnapshot=true, databaseEnabled=false, handlesAlerts=true, version=40.0.2214.115, platform=WIN8, browserConnectionEnabled=false, nativeEvents=true, acceptSslCerts=true, locationContextEnabled=true, webStorageEnabled=true, browserName=chrome, takesScreenshot=true, javascriptEnabled=true, cssSelectorsEnabled=true}]
Session ID: 1a6e6e055391c7eecebfb2cacd2d3e5f
	at org.openqa.selenium.remote.ErrorHandler.createThrowable(ErrorHandler.java:204)
	at org.openqa.selenium.remote.ErrorHandler.throwIfResponseFailed(ErrorHandler.java:156)
	at org.openqa.selenium.remote.RemoteWebDriver.execute(RemoteWebDriver.java:599)
	at org.openqa.selenium.remote.RemoteWebDriver.findElement(RemoteWebDriver.java:352)
	at org.openqa.selenium.remote.RemoteWebDriver.findElementById(RemoteWebDriver.java:393)
	at org.openqa.selenium.By$ById.findElement(By.java:214)
	at org.openqa.selenium.remote.RemoteWebDriver.findElement(RemoteWebDriver.java:344)
	at blog.Captcha_disable.testUntitled3(Captcha_disable.java:27)
... Removed 31 stack frames</div></td></tr></table><p class="totop"><a href="#summary">back to summary</a></p><h3 id="m1">blog.Captche_enable#testUntitled3</h3><table class="result"><tr><th>Exception</th></tr><tr><td><div class="stacktrace">org.openqa.selenium.NoSuchElementException: no such element
  (Session info: chrome=40.0.2214.115)
  (Driver info: chromedriver=2.9.248315,platform=Windows NT 6.2 x86_64) (WARNING: The server did not provide any stacktrace information)
Command duration or timeout: 30.04 seconds
For documentation on this error, please visit: http://seleniumhq.org/exceptions/no_such_element.html
Build info: version: &apos;2.44.0&apos;, revision: &apos;76d78cf&apos;, time: &apos;2014-10-23 20:03:00&apos;
System info: host: &apos;PC-SBARANOVA&apos;, ip: &apos;192.168.56.1&apos;, os.name: &apos;Windows 8&apos;, os.arch: &apos;amd64&apos;, os.version: &apos;6.2&apos;, java.version: &apos;1.8.0_25&apos;
Driver info: org.openqa.selenium.chrome.ChromeDriver
Capabilities [{applicationCacheEnabled=false, rotatable=false, chrome={userDataDir=C:\Users\Lana\AppData\Local\Temp\scoped_dir4508_9450}, takesHeapSnapshot=true, databaseEnabled=false, handlesAlerts=true, version=40.0.2214.115, platform=WIN8, browserConnectionEnabled=false, nativeEvents=true, acceptSslCerts=true, locationContextEnabled=true, webStorageEnabled=true, browserName=chrome, takesScreenshot=true, javascriptEnabled=true, cssSelectorsEnabled=true}]
Session ID: 1a6e6e055391c7eecebfb2cacd2d3e5f
	at org.openqa.selenium.remote.ErrorHandler.createThrowable(ErrorHandler.java:204)
	at org.openqa.selenium.remote.ErrorHandler.throwIfResponseFailed(ErrorHandler.java:156)
	at org.openqa.selenium.remote.RemoteWebDriver.execute(RemoteWebDriver.java:599)
	at org.openqa.selenium.remote.RemoteWebDriver.findElement(RemoteWebDriver.java:352)
	at org.openqa.selenium.remote.RemoteWebDriver.findElementById(RemoteWebDriver.java:393)
	at org.openqa.selenium.By$ById.findElement(By.java:214)
	at org.openqa.selenium.remote.RemoteWebDriver.findElement(RemoteWebDriver.java:344)
	at blog.Captche_enable.testUntitled3(Captche_enable.java:27)
... Removed 31 stack frames</div></td></tr></table><p class="totop"><a href="#summary">back to summary</a></p><h3 id="m2">blog.Comment#testUntitled4</h3><table class="result"><tr><th>Exception</th></tr><tr><td><div class="stacktrace">org.openqa.selenium.NoSuchElementException: no such element
  (Session info: chrome=40.0.2214.115)
  (Driver info: chromedriver=2.9.248315,platform=Windows NT 6.2 x86_64) (WARNING: The server did not provide any stacktrace information)
Command duration or timeout: 30.06 seconds
For documentation on this error, please visit: http://seleniumhq.org/exceptions/no_such_element.html
Build info: version: &apos;2.44.0&apos;, revision: &apos;76d78cf&apos;, time: &apos;2014-10-23 20:03:00&apos;
System info: host: &apos;PC-SBARANOVA&apos;, ip: &apos;192.168.56.1&apos;, os.name: &apos;Windows 8&apos;, os.arch: &apos;amd64&apos;, os.version: &apos;6.2&apos;, java.version: &apos;1.8.0_25&apos;
Driver info: org.openqa.selenium.chrome.ChromeDriver
Capabilities [{applicationCacheEnabled=false, rotatable=false, chrome={userDataDir=C:\Users\Lana\AppData\Local\Temp\scoped_dir4508_9450}, takesHeapSnapshot=true, databaseEnabled=false, handlesAlerts=true, version=40.0.2214.115, platform=WIN8, browserConnectionEnabled=false, nativeEvents=true, acceptSslCerts=true, locationContextEnabled=true, webStorageEnabled=true, browserName=chrome, takesScreenshot=true, javascriptEnabled=true, cssSelectorsEnabled=true}]
Session ID: 1a6e6e055391c7eecebfb2cacd2d3e5f
	at org.openqa.selenium.remote.ErrorHandler.createThrowable(ErrorHandler.java:204)
	at org.openqa.selenium.remote.ErrorHandler.throwIfResponseFailed(ErrorHandler.java:156)
	at org.openqa.selenium.remote.RemoteWebDriver.execute(RemoteWebDriver.java:599)
	at org.openqa.selenium.remote.RemoteWebDriver.findElement(RemoteWebDriver.java:352)
	at org.openqa.selenium.remote.RemoteWebDriver.findElementById(RemoteWebDriver.java:393)
	at org.openqa.selenium.By$ById.findElement(By.java:214)
	at org.openqa.selenium.remote.RemoteWebDriver.findElement(RemoteWebDriver.java:344)
	at blog.Comment.testUntitled4(Comment.java:27)
... Removed 31 stack frames</div></td></tr></table><p class="totop"><a href="#summary">back to summary</a></p><h3 id="m3">blog.JS_error_blog#testUntitled4</h3><table class="result"><tr><th>Exception</th></tr><tr><td><div class="stacktrace">java.lang.AssertionError: expected:&lt;[]&gt; but was:&lt;[[2015-03-17T11:27:47+0400] [SEVERE] http://www.google.com/uds/?file=ads&amp;v=3&amp;packages=search&amp;async=2 0:0 Failed to load resource: the server responded with a status of 404 (Not Found)]&gt;
	at org.junit.Assert.fail(Assert.java:88)
	at org.junit.Assert.failNotEquals(Assert.java:743)
	at org.junit.Assert.assertEquals(Assert.java:118)
	at org.junit.Assert.assertEquals(Assert.java:144)
	at blog.JS_error_blog.testUntitled4(JS_error_blog.java:40)
... Removed 27 stack frames</div></td></tr></table><p class="totop"><a href="#summary">back to summary</a></p><h3 id="m4">clients.Navigation#testUntitled10</h3><table class="result"><tr><th>Exception</th></tr><tr><td><div class="stacktrace">org.openqa.selenium.NoSuchElementException: no such element
  (Session info: chrome=40.0.2214.115)
  (Driver info: chromedriver=2.9.248315,platform=Windows NT 6.2 x86_64) (WARNING: The server did not provide any stacktrace information)
Command duration or timeout: 30.05 seconds
For documentation on this error, please visit: http://seleniumhq.org/exceptions/no_such_element.html
Build info: version: &apos;2.44.0&apos;, revision: &apos;76d78cf&apos;, time: &apos;2014-10-23 20:03:00&apos;
System info: host: &apos;PC-SBARANOVA&apos;, ip: &apos;192.168.56.1&apos;, os.name: &apos;Windows 8&apos;, os.arch: &apos;amd64&apos;, os.version: &apos;6.2&apos;, java.version: &apos;1.8.0_25&apos;
Driver info: org.openqa.selenium.chrome.ChromeDriver
Capabilities [{applicationCacheEnabled=false, rotatable=false, chrome={userDataDir=C:\Users\Lana\AppData\Local\Temp\scoped_dir4508_9450}, takesHeapSnapshot=true, databaseEnabled=false, handlesAlerts=true, version=40.0.2214.115, platform=WIN8, browserConnectionEnabled=false, nativeEvents=true, acceptSslCerts=true, locationContextEnabled=true, webStorageEnabled=true, browserName=chrome, takesScreenshot=true, javascriptEnabled=true, cssSelectorsEnabled=true}]
Session ID: 1a6e6e055391c7eecebfb2cacd2d3e5f
	at org.openqa.selenium.remote.ErrorHandler.createThrowable(ErrorHandler.java:204)
	at org.openqa.selenium.remote.ErrorHandler.throwIfResponseFailed(ErrorHandler.java:156)
	at org.openqa.selenium.remote.RemoteWebDriver.execute(RemoteWebDriver.java:599)
	at org.openqa.selenium.remote.RemoteWebDriver.findElement(RemoteWebDriver.java:352)
	at org.openqa.selenium.remote.RemoteWebDriver.findElementById(RemoteWebDriver.java:393)
	at org.openqa.selenium.By$ById.findElement(By.java:214)
	at org.openqa.selenium.remote.RemoteWebDriver.findElement(RemoteWebDriver.java:344)
	at clients.Navigation.testUntitled10(Navigation.java:30)
... Removed 31 stack frames</div></td></tr></table><p class="totop"><a href="#summary">back to summary</a></p><h3 id="m5">contact.Contact_email_change#testUntitled6</h3><table class="result"><tr><th>Exception</th></tr><tr><td><div class="stacktrace">org.openqa.selenium.NoSuchElementException: no such element
  (Session info: chrome=40.0.2214.115)
  (Driver info: chromedriver=2.9.248315,platform=Windows NT 6.2 x86_64) (WARNING: The server did not provide any stacktrace information)
Command duration or timeout: 30.03 seconds
For documentation on this error, please visit: http://seleniumhq.org/exceptions/no_such_element.html
Build info: version: &apos;2.44.0&apos;, revision: &apos;76d78cf&apos;, time: &apos;2014-10-23 20:03:00&apos;
System info: host: &apos;PC-SBARANOVA&apos;, ip: &apos;192.168.56.1&apos;, os.name: &apos;Windows 8&apos;, os.arch: &apos;amd64&apos;, os.version: &apos;6.2&apos;, java.version: &apos;1.8.0_25&apos;
Driver info: org.openqa.selenium.chrome.ChromeDriver
Capabilities [{applicationCacheEnabled=false, rotatable=false, chrome={userDataDir=C:\Users\Lana\AppData\Local\Temp\scoped_dir4508_9450}, takesHeapSnapshot=true, databaseEnabled=false, handlesAlerts=true, version=40.0.2214.115, platform=WIN8, browserConnectionEnabled=false, nativeEvents=true, acceptSslCerts=true, locationContextEnabled=true, webStorageEnabled=true, browserName=chrome, takesScreenshot=true, javascriptEnabled=true, cssSelectorsEnabled=true}]
Session ID: 1a6e6e055391c7eecebfb2cacd2d3e5f
	at org.openqa.selenium.remote.ErrorHandler.createThrowable(ErrorHandler.java:204)
	at org.openqa.selenium.remote.ErrorHandler.throwIfResponseFailed(ErrorHandler.java:156)
	at org.openqa.selenium.remote.RemoteWebDriver.execute(RemoteWebDriver.java:599)
	at org.openqa.selenium.remote.RemoteWebDriver.findElement(RemoteWebDriver.java:352)
	at org.openqa.selenium.remote.RemoteWebDriver.findElementById(RemoteWebDriver.java:393)
	at org.openqa.selenium.By$ById.findElement(By.java:214)
	at org.openqa.selenium.remote.RemoteWebDriver.findElement(RemoteWebDriver.java:344)
	at contact.Contact_email_change.testUntitled6(Contact_email_change.java:43)
... Removed 31 stack frames</div></td></tr></table><p class="totop"><a href="#summary">back to summary</a></p><h3 id="m6">contact.Form_valid#testUntitled6</h3><table class="result"><tr><th>Exception</th></tr><tr><td><div class="stacktrace">org.openqa.selenium.NoSuchElementException: no such element
  (Session info: chrome=40.0.2214.115)
  (Driver info: chromedriver=2.9.248315,platform=Windows NT 6.2 x86_64) (WARNING: The server did not provide any stacktrace information)
Command duration or timeout: 30.00 seconds
For documentation on this error, please visit: http://seleniumhq.org/exceptions/no_such_element.html
Build info: version: &apos;2.44.0&apos;, revision: &apos;76d78cf&apos;, time: &apos;2014-10-23 20:03:00&apos;
System info: host: &apos;PC-SBARANOVA&apos;, ip: &apos;192.168.56.1&apos;, os.name: &apos;Windows 8&apos;, os.arch: &apos;amd64&apos;, os.version: &apos;6.2&apos;, java.version: &apos;1.8.0_25&apos;
Driver info: org.openqa.selenium.chrome.ChromeDriver
Capabilities [{applicationCacheEnabled=false, rotatable=false, chrome={userDataDir=C:\Users\Lana\AppData\Local\Temp\scoped_dir4508_9450}, takesHeapSnapshot=true, databaseEnabled=false, handlesAlerts=true, version=40.0.2214.115, platform=WIN8, browserConnectionEnabled=false, nativeEvents=true, acceptSslCerts=true, locationContextEnabled=true, webStorageEnabled=true, browserName=chrome, takesScreenshot=true, javascriptEnabled=true, cssSelectorsEnabled=true}]
Session ID: 1a6e6e055391c7eecebfb2cacd2d3e5f
	at org.openqa.selenium.remote.ErrorHandler.createThrowable(ErrorHandler.java:204)
	at org.openqa.selenium.remote.ErrorHandler.throwIfResponseFailed(ErrorHandler.java:156)
	at org.openqa.selenium.remote.RemoteWebDriver.execute(RemoteWebDriver.java:599)
	at org.openqa.selenium.remote.RemoteWebDriver.findElement(RemoteWebDriver.java:352)
	at org.openqa.selenium.remote.RemoteWebDriver.findElementById(RemoteWebDriver.java:393)
	at org.openqa.selenium.By$ById.findElement(By.java:214)
	at org.openqa.selenium.remote.RemoteWebDriver.findElement(RemoteWebDriver.java:344)
	at contact.Form_valid.testUntitled6(Form_valid.java:47)
... Removed 31 stack frames</div></td></tr></table><p class="totop"><a href="#summary">back to summary</a></p><h3 id="m7">about.Contact_us#testUntitled6</h3><table class="result"></table><p class="totop"><a href="#summary">back to summary</a></p><h3 id="m8">about.JS_error#testUntitled4</h3><table class="result"></table><p class="totop"><a href="#summary">back to summary</a></p><h3 id="m9">about.Tabs#testUntitled5</h3><table class="result"></table><p class="totop"><a href="#summary">back to summary</a></p><h3 id="m10">blog.Blog_page#testUntitled2</h3><table class="result"></table><p class="totop"><a href="#summary">back to summary</a></p><h3 id="m11">blog.Captcha_empty#testUntitled</h3><table class="result"></table><p class="totop"><a href="#summary">back to summary</a></p><h3 id="m12">blog.Captcha_invalid#testUntitled2</h3><table class="result"></table><p class="totop"><a href="#summary">back to summary</a></p><h3 id="m13">blog.Details_page#testUntitled</h3><table class="result"></table><p class="totop"><a href="#summary">back to summary</a></p><h3 id="m14">blog.JS_error_post#testUntitled4</h3><table class="result"></table><p class="totop"><a href="#summary">back to summary</a></p><h3 id="m15">blog.Search#testUntitled3</h3><table class="result"></table><p class="totop"><a href="#summary">back to summary</a></p><h3 id="m16">clients.Details#testUntitled8</h3><table class="result"></table><p class="totop"><a href="#summary">back to summary</a></p><h3 id="m17">clients.Details_elements#testUntitled9</h3><table class="result"></table><p class="totop"><a href="#summary">back to summary</a></p><h3 id="m18">clients.JS_error#testUntitled4</h3><table class="result"></table><p class="totop"><a href="#summary">back to summary</a></p><h3 id="m19">clients.Website#testUntitled7</h3><table class="result"></table><p class="totop"><a href="#summary">back to summary</a></p><h3 id="m20">contact.Form_empty#testUntitled4</h3><table class="result"></table><p class="totop"><a href="#summary">back to summary</a></p><h3 id="m21">contact.Form_invalid#testUntitled3</h3><table class="result"></table><p class="totop"><a href="#summary">back to summary</a></p><h3 id="m22">contact.JS_error#testUntitled4</h3><table class="result"></table><p class="totop"><a href="#summary">back to summary</a></p><h3 id="m23">home.Banner#testUntitled4</h3><table class="result"></table><p class="totop"><a href="#summary">back to summary</a></p><h3 id="m24">home.JS_error#testUntitled4</h3><table class="result"></table><p class="totop"><a href="#summary">back to summary</a></p><h3 id="m25">home.Newsletter_empty#testUntitled</h3><table class="result"></table><p class="totop"><a href="#summary">back to summary</a></p><h3 id="m26">home.Newsletter_invalid#testUntitled2</h3><table class="result"></table><p class="totop"><a href="#summary">back to summary</a></p><h3 id="m27">home.Newsletter_valid#testUntitled3</h3><table class="result"></table><p class="totop"><a href="#summary">back to summary</a></p><h3 id="m28">services.JS_error#testUntitled4</h3><table class="result"></table><p class="totop"><a href="#summary">back to summary</a></p><h3 id="m29">services.Page#testUntitled2</h3><table class="result"></table><p class="totop"><a href="#summary">back to summary</a></p></body></html>