<?xml version="1.0" encoding="UTF-8"?>
<testng-results skipped="0" failed="1" total="30" passed="29">
  <reporter-output>
  </reporter-output>
  <suite name="Tests" duration-ms="567664" started-at="2015-03-18T11:44:19Z" finished-at="2015-03-18T11:53:46Z">
    <groups>
    </groups>
    <test name="Test1" duration-ms="567664" started-at="2015-03-18T11:44:19Z" finished-at="2015-03-18T11:53:46Z">
      <class name="blog.Comment">
        <test-method status="PASS" signature="init()[pri:0, instance:blog.Comment@153f5a29]" name="init" is-config="true" duration-ms="2604" started-at="2015-03-18T15:51:48Z" finished-at="2015-03-18T15:51:50Z">
          <reporter-output>
          </reporter-output>
        </test-method> <!-- init -->
        <test-method status="PASS" signature="testUntitled4()[pri:0, instance:blog.Comment@153f5a29]" name="testUntitled4" duration-ms="44165" started-at="2015-03-18T15:51:50Z" finished-at="2015-03-18T15:52:34Z">
          <reporter-output>
          </reporter-output>
        </test-method> <!-- testUntitled4 -->
        <test-method status="PASS" signature="stopDriver()[pri:0, instance:blog.Comment@153f5a29]" name="stopDriver" is-config="true" duration-ms="1480" started-at="2015-03-18T15:52:34Z" finished-at="2015-03-18T15:52:36Z">
          <reporter-output>
          </reporter-output>
        </test-method> <!-- stopDriver -->
      </class> <!-- blog.Comment -->
      <class name="blog.Captcha_empty">
        <test-method status="PASS" signature="init()[pri:0, instance:blog.Captcha_empty@b97c004]" name="init" is-config="true" duration-ms="1829" started-at="2015-03-18T15:50:34Z" finished-at="2015-03-18T15:50:36Z">
          <reporter-output>
          </reporter-output>
        </test-method> <!-- init -->
        <test-method status="PASS" signature="testUntitled()[pri:0, instance:blog.Captcha_empty@b97c004]" name="testUntitled" duration-ms="16300" started-at="2015-03-18T15:50:36Z" finished-at="2015-03-18T15:50:53Z">
          <reporter-output>
          </reporter-output>
        </test-method> <!-- testUntitled -->
        <test-method status="PASS" signature="stopDriver()[pri:0, instance:blog.Captcha_empty@b97c004]" name="stopDriver" is-config="true" duration-ms="1304" started-at="2015-03-18T15:50:53Z" finished-at="2015-03-18T15:50:54Z">
          <reporter-output>
          </reporter-output>
        </test-method> <!-- stopDriver -->
      </class> <!-- blog.Captcha_empty -->
      <class name="home.JS_error">
        <test-method status="PASS" signature="init()[pri:0, instance:home.JS_error@35fb3008]" name="init" is-config="true" duration-ms="6684" started-at="2015-03-18T15:44:19Z" finished-at="2015-03-18T15:44:26Z">
          <reporter-output>
          </reporter-output>
        </test-method> <!-- init -->
        <test-method status="PASS" signature="testUntitled4()[pri:0, instance:home.JS_error@35fb3008]" name="testUntitled4" duration-ms="7028" started-at="2015-03-18T15:44:26Z" finished-at="2015-03-18T15:44:33Z">
          <reporter-output>
          </reporter-output>
        </test-method> <!-- testUntitled4 -->
        <test-method status="PASS" signature="stopDriver()[pri:0, instance:home.JS_error@35fb3008]" name="stopDriver" is-config="true" duration-ms="1290" started-at="2015-03-18T15:44:33Z" finished-at="2015-03-18T15:44:34Z">
          <reporter-output>
          </reporter-output>
        </test-method> <!-- stopDriver -->
        <test-method status="PASS" signature="tearDown()[pri:0, instance:home.JS_error@35fb3008]" name="tearDown" is-config="true" duration-ms="0" started-at="2015-03-18T15:53:47Z" finished-at="2015-03-18T15:53:47Z">
          <reporter-output>
          </reporter-output>
        </test-method> <!-- tearDown -->
      </class> <!-- home.JS_error -->
      <class name="home.Newsletter_invalid">
        <test-method status="PASS" signature="init()[pri:0, instance:home.Newsletter_invalid@97e1986]" name="init" is-config="true" duration-ms="2704" started-at="2015-03-18T15:46:13Z" finished-at="2015-03-18T15:46:15Z">
          <reporter-output>
          </reporter-output>
        </test-method> <!-- init -->
        <test-method status="PASS" signature="testUntitled2()[pri:0, instance:home.Newsletter_invalid@97e1986]" name="testUntitled2" duration-ms="5314" started-at="2015-03-18T15:46:15Z" finished-at="2015-03-18T15:46:21Z">
          <reporter-output>
          </reporter-output>
        </test-method> <!-- testUntitled2 -->
        <test-method status="PASS" signature="stopDriver()[pri:0, instance:home.Newsletter_invalid@97e1986]" name="stopDriver" is-config="true" duration-ms="1438" started-at="2015-03-18T15:46:21Z" finished-at="2015-03-18T15:46:22Z">
          <reporter-output>
          </reporter-output>
        </test-method> <!-- stopDriver -->
      </class> <!-- home.Newsletter_invalid -->
      <class name="blog.Captcha_invalid">
        <test-method status="PASS" signature="init()[pri:0, instance:blog.Captcha_invalid@69d9c55]" name="init" is-config="true" duration-ms="4035" started-at="2015-03-18T15:50:54Z" finished-at="2015-03-18T15:50:58Z">
          <reporter-output>
          </reporter-output>
        </test-method> <!-- init -->
        <test-method status="PASS" signature="testUntitled2()[pri:0, instance:blog.Captcha_invalid@69d9c55]" name="testUntitled2" duration-ms="20980" started-at="2015-03-18T15:50:58Z" finished-at="2015-03-18T15:51:19Z">
          <reporter-output>
          </reporter-output>
        </test-method> <!-- testUntitled2 -->
        <test-method status="PASS" signature="stopDriver()[pri:0, instance:blog.Captcha_invalid@69d9c55]" name="stopDriver" is-config="true" duration-ms="1546" started-at="2015-03-18T15:51:19Z" finished-at="2015-03-18T15:51:20Z">
          <reporter-output>
          </reporter-output>
        </test-method> <!-- stopDriver -->
      </class> <!-- blog.Captcha_invalid -->
      <class name="home.Newsletter_valid">
        <test-method status="PASS" signature="init()[pri:0, instance:home.Newsletter_valid@61a485d2]" name="init" is-config="true" duration-ms="2053" started-at="2015-03-18T15:46:22Z" finished-at="2015-03-18T15:46:24Z">
          <reporter-output>
          </reporter-output>
        </test-method> <!-- init -->
        <test-method status="PASS" signature="testUntitled3()[pri:0, instance:home.Newsletter_valid@61a485d2]" name="testUntitled3" duration-ms="6475" started-at="2015-03-18T15:46:24Z" finished-at="2015-03-18T15:46:31Z">
          <reporter-output>
          </reporter-output>
        </test-method> <!-- testUntitled3 -->
        <test-method status="PASS" signature="stopDriver()[pri:0, instance:home.Newsletter_valid@61a485d2]" name="stopDriver" is-config="true" duration-ms="1476" started-at="2015-03-18T15:46:31Z" finished-at="2015-03-18T15:46:32Z">
          <reporter-output>
          </reporter-output>
        </test-method> <!-- stopDriver -->
      </class> <!-- home.Newsletter_valid -->
      <class name="contact.JS_error">
        <test-method status="PASS" signature="init()[pri:0, instance:contact.JS_error@7946e1f4]" name="init" is-config="true" duration-ms="5675" started-at="2015-03-18T15:45:18Z" finished-at="2015-03-18T15:45:24Z">
          <reporter-output>
          </reporter-output>
        </test-method> <!-- init -->
        <test-method status="PASS" signature="testUntitled4()[pri:0, instance:contact.JS_error@7946e1f4]" name="testUntitled4" duration-ms="11111" started-at="2015-03-18T15:45:24Z" finished-at="2015-03-18T15:45:35Z">
          <reporter-output>
          </reporter-output>
        </test-method> <!-- testUntitled4 -->
        <test-method status="PASS" signature="stopDriver()[pri:0, instance:contact.JS_error@7946e1f4]" name="stopDriver" is-config="true" duration-ms="1450" started-at="2015-03-18T15:45:35Z" finished-at="2015-03-18T15:45:37Z">
          <reporter-output>
          </reporter-output>
        </test-method> <!-- stopDriver -->
      </class> <!-- contact.JS_error -->
      <class name="home.Newsletter_empty">
        <test-method status="PASS" signature="init()[pri:0, instance:home.Newsletter_empty@2669b199]" name="init" is-config="true" duration-ms="1806" started-at="2015-03-18T15:45:56Z" finished-at="2015-03-18T15:45:58Z">
          <reporter-output>
          </reporter-output>
        </test-method> <!-- init -->
        <test-method status="PASS" signature="testUntitled()[pri:0, instance:home.Newsletter_empty@2669b199]" name="testUntitled" duration-ms="13895" started-at="2015-03-18T15:45:58Z" finished-at="2015-03-18T15:46:11Z">
          <reporter-output>
          </reporter-output>
        </test-method> <!-- testUntitled -->
        <test-method status="PASS" signature="stopDriver()[pri:0, instance:home.Newsletter_empty@2669b199]" name="stopDriver" is-config="true" duration-ms="1342" started-at="2015-03-18T15:46:11Z" finished-at="2015-03-18T15:46:13Z">
          <reporter-output>
          </reporter-output>
        </test-method> <!-- stopDriver -->
      </class> <!-- home.Newsletter_empty -->
      <class name="contact.Form_invalid">
        <test-method status="PASS" signature="init()[pri:0, instance:contact.Form_invalid@3dd3bcd]" name="init" is-config="true" duration-ms="1941" started-at="2015-03-18T15:49:04Z" finished-at="2015-03-18T15:49:06Z">
          <reporter-output>
          </reporter-output>
        </test-method> <!-- init -->
        <test-method status="PASS" signature="testUntitled3()[pri:0, instance:contact.Form_invalid@3dd3bcd]" name="testUntitled3" duration-ms="6959" started-at="2015-03-18T15:49:06Z" finished-at="2015-03-18T15:49:13Z">
          <reporter-output>
          </reporter-output>
        </test-method> <!-- testUntitled3 -->
        <test-method status="PASS" signature="stopDriver()[pri:0, instance:contact.Form_invalid@3dd3bcd]" name="stopDriver" is-config="true" duration-ms="1377" started-at="2015-03-18T15:49:13Z" finished-at="2015-03-18T15:49:14Z">
          <reporter-output>
          </reporter-output>
        </test-method> <!-- stopDriver -->
      </class> <!-- contact.Form_invalid -->
      <class name="blog.Details_page">
        <test-method status="PASS" signature="init()[pri:0, instance:blog.Details_page@4590c9c3]" name="init" is-config="true" duration-ms="2529" started-at="2015-03-18T15:52:59Z" finished-at="2015-03-18T15:53:02Z">
          <reporter-output>
          </reporter-output>
        </test-method> <!-- init -->
        <test-method status="PASS" signature="testUntitled()[pri:0, instance:blog.Details_page@4590c9c3]" name="testUntitled" duration-ms="10681" started-at="2015-03-18T15:53:02Z" finished-at="2015-03-18T15:53:13Z">
          <reporter-output>
          </reporter-output>
        </test-method> <!-- testUntitled -->
        <test-method status="PASS" signature="stopDriver()[pri:0, instance:blog.Details_page@4590c9c3]" name="stopDriver" is-config="true" duration-ms="1468" started-at="2015-03-18T15:53:13Z" finished-at="2015-03-18T15:53:14Z">
          <reporter-output>
          </reporter-output>
        </test-method> <!-- stopDriver -->
      </class> <!-- blog.Details_page -->
      <class name="blog.JS_error_blog">
        <test-method status="PASS" signature="init()[pri:0, instance:blog.JS_error_blog@26f67b76]" name="init" is-config="true" duration-ms="3387" started-at="2015-03-18T15:45:37Z" finished-at="2015-03-18T15:45:40Z">
          <reporter-output>
          </reporter-output>
        </test-method> <!-- init -->
        <test-method status="PASS" signature="testUntitled4()[pri:0, instance:blog.JS_error_blog@26f67b76]" name="testUntitled4" duration-ms="6528" started-at="2015-03-18T15:45:40Z" finished-at="2015-03-18T15:45:47Z">
          <reporter-output>
          </reporter-output>
        </test-method> <!-- testUntitled4 -->
        <test-method status="PASS" signature="stopDriver()[pri:0, instance:blog.JS_error_blog@26f67b76]" name="stopDriver" is-config="true" duration-ms="1551" started-at="2015-03-18T15:45:47Z" finished-at="2015-03-18T15:45:48Z">
          <reporter-output>
          </reporter-output>
        </test-method> <!-- stopDriver -->
      </class> <!-- blog.JS_error_blog -->
      <class name="about.Tabs">
        <test-method status="PASS" signature="init()[pri:0, instance:about.Tabs@337d0578]" name="init" is-config="true" duration-ms="2527" started-at="2015-03-18T15:46:47Z" finished-at="2015-03-18T15:46:50Z">
          <reporter-output>
          </reporter-output>
        </test-method> <!-- init -->
        <test-method status="PASS" signature="testUntitled5()[pri:0, instance:about.Tabs@337d0578]" name="testUntitled5" duration-ms="7253" started-at="2015-03-18T15:46:50Z" finished-at="2015-03-18T15:46:57Z">
          <reporter-output>
          </reporter-output>
        </test-method> <!-- testUntitled5 -->
        <test-method status="PASS" signature="stopDriver()[pri:0, instance:about.Tabs@337d0578]" name="stopDriver" is-config="true" duration-ms="1586" started-at="2015-03-18T15:46:57Z" finished-at="2015-03-18T15:46:59Z">
          <reporter-output>
          </reporter-output>
        </test-method> <!-- stopDriver -->
      </class> <!-- about.Tabs -->
      <class name="blog.Search">
        <test-method status="PASS" signature="init()[pri:0, instance:blog.Search@59e84876]" name="init" is-config="true" duration-ms="1869" started-at="2015-03-18T15:53:30Z" finished-at="2015-03-18T15:53:32Z">
          <reporter-output>
          </reporter-output>
        </test-method> <!-- init -->
        <test-method status="PASS" signature="testUntitled3()[pri:0, instance:blog.Search@59e84876]" name="testUntitled3" duration-ms="13149" started-at="2015-03-18T15:53:32Z" finished-at="2015-03-18T15:53:45Z">
          <reporter-output>
          </reporter-output>
        </test-method> <!-- testUntitled3 -->
        <test-method status="PASS" signature="stopDriver()[pri:0, instance:blog.Search@59e84876]" name="stopDriver" is-config="true" duration-ms="1436" started-at="2015-03-18T15:53:45Z" finished-at="2015-03-18T15:53:46Z">
          <reporter-output>
          </reporter-output>
        </test-method> <!-- stopDriver -->
      </class> <!-- blog.Search -->
      <class name="blog.JS_error_post">
        <test-method status="PASS" signature="init()[pri:0, instance:blog.JS_error_post@3c09711b]" name="init" is-config="true" duration-ms="2055" started-at="2015-03-18T15:45:48Z" finished-at="2015-03-18T15:45:50Z">
          <reporter-output>
          </reporter-output>
        </test-method> <!-- init -->
        <test-method status="PASS" signature="testUntitled4()[pri:0, instance:blog.JS_error_post@3c09711b]" name="testUntitled4" duration-ms="4073" started-at="2015-03-18T15:45:50Z" finished-at="2015-03-18T15:45:54Z">
          <reporter-output>
          </reporter-output>
        </test-method> <!-- testUntitled4 -->
        <test-method status="PASS" signature="stopDriver()[pri:0, instance:blog.JS_error_post@3c09711b]" name="stopDriver" is-config="true" duration-ms="1428" started-at="2015-03-18T15:45:54Z" finished-at="2015-03-18T15:45:56Z">
          <reporter-output>
          </reporter-output>
        </test-method> <!-- stopDriver -->
      </class> <!-- blog.JS_error_post -->
      <class name="contact.Form_valid">
        <test-method status="PASS" signature="init()[pri:0, instance:contact.Form_valid@2344fc66]" name="init" is-config="true" duration-ms="2193" started-at="2015-03-18T15:49:23Z" finished-at="2015-03-18T15:49:25Z">
          <reporter-output>
          </reporter-output>
        </test-method> <!-- init -->
        <test-method status="PASS" signature="testUntitled6()[pri:0, instance:contact.Form_valid@2344fc66]" name="testUntitled6" duration-ms="41272" started-at="2015-03-18T15:49:25Z" finished-at="2015-03-18T15:50:06Z">
          <reporter-output>
          </reporter-output>
        </test-method> <!-- testUntitled6 -->
        <test-method status="PASS" signature="stopDriver()[pri:0, instance:contact.Form_valid@2344fc66]" name="stopDriver" is-config="true" duration-ms="1641" started-at="2015-03-18T15:50:06Z" finished-at="2015-03-18T15:50:08Z">
          <reporter-output>
          </reporter-output>
        </test-method> <!-- stopDriver -->
      </class> <!-- contact.Form_valid -->
      <class name="clients.Website">
        <test-method status="PASS" signature="init()[pri:0, instance:clients.Website@6a024a67]" name="init" is-config="true" duration-ms="2761" started-at="2015-03-18T15:48:44Z" finished-at="2015-03-18T15:48:46Z">
          <reporter-output>
          </reporter-output>
        </test-method> <!-- init -->
        <test-method status="PASS" signature="testUntitled7()[pri:0, instance:clients.Website@6a024a67]" name="testUntitled7" duration-ms="7586" started-at="2015-03-18T15:48:46Z" finished-at="2015-03-18T15:48:54Z">
          <reporter-output>
          </reporter-output>
        </test-method> <!-- testUntitled7 -->
        <test-method status="PASS" signature="stopDriver()[pri:0, instance:clients.Website@6a024a67]" name="stopDriver" is-config="true" duration-ms="1457" started-at="2015-03-18T15:48:54Z" finished-at="2015-03-18T15:48:55Z">
          <reporter-output>
          </reporter-output>
        </test-method> <!-- stopDriver -->
      </class> <!-- clients.Website -->
      <class name="contact.Form_empty">
        <test-method status="PASS" signature="init()[pri:0, instance:contact.Form_empty@6ea12c19]" name="init" is-config="true" duration-ms="1869" started-at="2015-03-18T15:49:14Z" finished-at="2015-03-18T15:49:16Z">
          <reporter-output>
          </reporter-output>
        </test-method> <!-- init -->
        <test-method status="PASS" signature="testUntitled4()[pri:0, instance:contact.Form_empty@6ea12c19]" name="testUntitled4" duration-ms="5187" started-at="2015-03-18T15:49:16Z" finished-at="2015-03-18T15:49:21Z">
          <reporter-output>
          </reporter-output>
        </test-method> <!-- testUntitled4 -->
        <test-method status="PASS" signature="stopDriver()[pri:0, instance:contact.Form_empty@6ea12c19]" name="stopDriver" is-config="true" duration-ms="1354" started-at="2015-03-18T15:49:21Z" finished-at="2015-03-18T15:49:23Z">
          <reporter-output>
          </reporter-output>
        </test-method> <!-- stopDriver -->
      </class> <!-- contact.Form_empty -->
      <class name="clients.Details_elements">
        <test-method status="PASS" signature="init()[pri:0, instance:clients.Details_elements@7f560810]" name="init" is-config="true" duration-ms="1740" started-at="2015-03-18T15:48:10Z" finished-at="2015-03-18T15:48:12Z">
          <reporter-output>
          </reporter-output>
        </test-method> <!-- init -->
        <test-method status="PASS" signature="testUntitled9()[pri:0, instance:clients.Details_elements@7f560810]" name="testUntitled9" duration-ms="8946" started-at="2015-03-18T15:48:12Z" finished-at="2015-03-18T15:48:21Z">
          <reporter-output>
          </reporter-output>
        </test-method> <!-- testUntitled9 -->
        <test-method status="PASS" signature="stopDriver()[pri:0, instance:clients.Details_elements@7f560810]" name="stopDriver" is-config="true" duration-ms="1416" started-at="2015-03-18T15:48:21Z" finished-at="2015-03-18T15:48:22Z">
          <reporter-output>
          </reporter-output>
        </test-method> <!-- stopDriver -->
      </class> <!-- clients.Details_elements -->
      <class name="clients.Details">
        <test-method status="PASS" signature="init()[pri:0, instance:clients.Details@5afa04c]" name="init" is-config="true" duration-ms="2172" started-at="2015-03-18T15:47:09Z" finished-at="2015-03-18T15:47:11Z">
          <reporter-output>
          </reporter-output>
        </test-method> <!-- init -->
        <test-method status="FAIL" signature="testUntitled8()[pri:0, instance:clients.Details@5afa04c]" name="testUntitled8" duration-ms="57491" started-at="2015-03-18T15:47:11Z" finished-at="2015-03-18T15:48:08Z">
          <exception class="org.openqa.selenium.NoSuchElementException">
            <message>
              <![CDATA[no such element
  (Session info: chrome=41.0.2272.89)
  (Driver info: chromedriver=2.9.248315,platform=Windows NT 6.2 x86_64) (WARNING: The server did not provide any stacktrace information)
Command duration or timeout: 30.00 seconds
For documentation on this error, please visit: http://seleniumhq.org/exceptions/no_such_element.html
Build info: version: '2.45.0', revision: '5017cb8', time: '2015-02-26 23:59:50'
System info: host: 'PC-SBARANOVA', ip: '192.168.56.1', os.name: 'Windows 8', os.arch: 'amd64', os.version: '6.2', java.version: '1.8.0_25'
Driver info: org.openqa.selenium.chrome.ChromeDriver
Capabilities [{applicationCacheEnabled=false, rotatable=false, chrome={userDataDir=C:\Users\Lana\AppData\Local\Temp\scoped_dir4452_28286}, takesHeapSnapshot=true, databaseEnabled=false, handlesAlerts=true, version=41.0.2272.89, platform=WIN8, browserConnectionEnabled=false, nativeEvents=true, acceptSslCerts=true, locationContextEnabled=true, webStorageEnabled=true, browserName=chrome, takesScreenshot=true, javascriptEnabled=true, cssSelectorsEnabled=true}]
Session ID: 258f420ec8e5c68e51c8336ba8c180a2
*** Element info: {Using=css selector, value=#base_name}
Command duration or timeout: 30.29 seconds
For documentation on this error, please visit: http://seleniumhq.org/exceptions/no_such_element.html
Build info: version: '2.44.0', revision: '76d78cf', time: '2014-10-23 20:03:00'
System info: host: 'PC-SBARANOVA', ip: '192.168.56.1', os.name: 'Windows 8', os.arch: 'amd64', os.version: '6.2', java.version: '1.8.0_25'
Driver info: org.openqa.selenium.remote.RemoteWebDriver
Capabilities [{applicationCacheEnabled=false, rotatable=false, chrome={userDataDir=C:\Users\Lana\AppData\Local\Temp\scoped_dir4452_28286}, takesHeapSnapshot=true, databaseEnabled=false, handlesAlerts=true, version=41.0.2272.89, platform=WIN8, browserConnectionEnabled=false, nativeEvents=true, acceptSslCerts=true, webdriver.remote.sessionid=b6381a12-6254-4383-94ae-557a99aa33cf, locationContextEnabled=true, webStorageEnabled=true, browserName=chrome, takesScreenshot=true, javascriptEnabled=true, cssSelectorsEnabled=true}]
Session ID: b6381a12-6254-4383-94ae-557a99aa33cf]]>
            </message>
            <full-stacktrace>
              <![CDATA[org.openqa.selenium.NoSuchElementException: no such element
  (Session info: chrome=41.0.2272.89)
  (Driver info: chromedriver=2.9.248315,platform=Windows NT 6.2 x86_64) (WARNING: The server did not provide any stacktrace information)
Command duration or timeout: 30.00 seconds
For documentation on this error, please visit: http://seleniumhq.org/exceptions/no_such_element.html
Build info: version: '2.45.0', revision: '5017cb8', time: '2015-02-26 23:59:50'
System info: host: 'PC-SBARANOVA', ip: '192.168.56.1', os.name: 'Windows 8', os.arch: 'amd64', os.version: '6.2', java.version: '1.8.0_25'
Driver info: org.openqa.selenium.chrome.ChromeDriver
Capabilities [{applicationCacheEnabled=false, rotatable=false, chrome={userDataDir=C:\Users\Lana\AppData\Local\Temp\scoped_dir4452_28286}, takesHeapSnapshot=true, databaseEnabled=false, handlesAlerts=true, version=41.0.2272.89, platform=WIN8, browserConnectionEnabled=false, nativeEvents=true, acceptSslCerts=true, locationContextEnabled=true, webStorageEnabled=true, browserName=chrome, takesScreenshot=true, javascriptEnabled=true, cssSelectorsEnabled=true}]
Session ID: 258f420ec8e5c68e51c8336ba8c180a2
*** Element info: {Using=css selector, value=#base_name}
Command duration or timeout: 30.29 seconds
For documentation on this error, please visit: http://seleniumhq.org/exceptions/no_such_element.html
Build info: version: '2.44.0', revision: '76d78cf', time: '2014-10-23 20:03:00'
System info: host: 'PC-SBARANOVA', ip: '192.168.56.1', os.name: 'Windows 8', os.arch: 'amd64', os.version: '6.2', java.version: '1.8.0_25'
Driver info: org.openqa.selenium.remote.RemoteWebDriver
Capabilities [{applicationCacheEnabled=false, rotatable=false, chrome={userDataDir=C:\Users\Lana\AppData\Local\Temp\scoped_dir4452_28286}, takesHeapSnapshot=true, databaseEnabled=false, handlesAlerts=true, version=41.0.2272.89, platform=WIN8, browserConnectionEnabled=false, nativeEvents=true, acceptSslCerts=true, webdriver.remote.sessionid=b6381a12-6254-4383-94ae-557a99aa33cf, locationContextEnabled=true, webStorageEnabled=true, browserName=chrome, takesScreenshot=true, javascriptEnabled=true, cssSelectorsEnabled=true}]
Session ID: b6381a12-6254-4383-94ae-557a99aa33cf
	at sun.reflect.NativeConstructorAccessorImpl.newInstance0(Native Method)
	at sun.reflect.NativeConstructorAccessorImpl.newInstance(NativeConstructorAccessorImpl.java:62)
	at sun.reflect.DelegatingConstructorAccessorImpl.newInstance(DelegatingConstructorAccessorImpl.java:45)
	at java.lang.reflect.Constructor.newInstance(Constructor.java:408)
	at org.openqa.selenium.remote.ErrorHandler.createThrowable(ErrorHandler.java:204)
	at org.openqa.selenium.remote.ErrorHandler.throwIfResponseFailed(ErrorHandler.java:156)
	at org.openqa.selenium.remote.RemoteWebDriver.execute(RemoteWebDriver.java:599)
	at org.openqa.selenium.remote.RemoteWebDriver.findElement(RemoteWebDriver.java:352)
	at org.openqa.selenium.remote.RemoteWebDriver.findElementByCssSelector(RemoteWebDriver.java:441)
	at org.openqa.selenium.By$ByCssSelector.findElement(By.java:426)
	at org.openqa.selenium.remote.RemoteWebDriver.findElement(RemoteWebDriver.java:344)
	at clients.Details.testUntitled8(Details.java:56)
	at sun.reflect.NativeMethodAccessorImpl.invoke0(Native Method)
	at sun.reflect.NativeMethodAccessorImpl.invoke(NativeMethodAccessorImpl.java:62)
	at sun.reflect.DelegatingMethodAccessorImpl.invoke(DelegatingMethodAccessorImpl.java:43)
	at java.lang.reflect.Method.invoke(Method.java:483)
	at org.testng.internal.MethodInvocationHelper.invokeMethod(MethodInvocationHelper.java:84)
	at org.testng.internal.Invoker.invokeMethod(Invoker.java:714)
	at org.testng.internal.Invoker.invokeTestMethod(Invoker.java:901)
	at org.testng.internal.Invoker.invokeTestMethods(Invoker.java:1231)
	at org.testng.internal.TestMethodWorker.invokeTestMethods(TestMethodWorker.java:127)
	at org.testng.internal.TestMethodWorker.run(TestMethodWorker.java:111)
	at org.testng.TestRunner.privateRun(TestRunner.java:767)
	at org.testng.TestRunner.run(TestRunner.java:617)
	at org.testng.SuiteRunner.runTest(SuiteRunner.java:348)
	at org.testng.SuiteRunner.runSequentially(SuiteRunner.java:343)
	at org.testng.SuiteRunner.privateRun(SuiteRunner.java:305)
	at org.testng.SuiteRunner.run(SuiteRunner.java:254)
	at org.testng.SuiteRunnerWorker.runSuite(SuiteRunnerWorker.java:52)
	at org.testng.SuiteRunnerWorker.run(SuiteRunnerWorker.java:86)
	at org.testng.TestNG.runSuitesSequentially(TestNG.java:1224)
	at org.testng.TestNG.runSuitesLocally(TestNG.java:1149)
	at org.testng.TestNG.run(TestNG.java:1057)
	at org.apache.maven.surefire.testng.TestNGExecutor.run(TestNGExecutor.java:217)
	at org.apache.maven.surefire.testng.TestNGXmlTestSuite.execute(TestNGXmlTestSuite.java:84)
	at org.apache.maven.surefire.testng.TestNGProvider.invoke(TestNGProvider.java:92)
	at org.apache.maven.surefire.booter.ForkedBooter.invokeProviderInSameClassLoader(ForkedBooter.java:200)
	at org.apache.maven.surefire.booter.ForkedBooter.runSuitesInProcess(ForkedBooter.java:153)
	at org.apache.maven.surefire.booter.ForkedBooter.main(ForkedBooter.java:103)
Caused by: org.openqa.selenium.remote.ScreenshotException: Screen shot has been taken
Build info: version: '2.44.0', revision: '76d78cf', time: '2014-10-23 20:03:00'
System info: host: 'PC-SBARANOVA', ip: '192.168.56.1', os.name: 'Windows 8', os.arch: 'amd64', os.version: '6.2', java.version: '1.8.0_25'
Driver info: driver.version: RemoteWebDriver
	at org.openqa.selenium.remote.ErrorHandler.throwIfResponseFailed(ErrorHandler.java:136)
	... 33 more
Caused by: org.openqa.selenium.NoSuchElementException: no such element
  (Session info: chrome=41.0.2272.89)
  (Driver info: chromedriver=2.9.248315,platform=Windows NT 6.2 x86_64) (WARNING: The server did not provide any stacktrace information)
Command duration or timeout: 30.00 seconds
For documentation on this error, please visit: http://seleniumhq.org/exceptions/no_such_element.html
Build info: version: '2.45.0', revision: '5017cb8', time: '2015-02-26 23:59:50'
System info: host: 'PC-SBARANOVA', ip: '192.168.56.1', os.name: 'Windows 8', os.arch: 'amd64', os.version: '6.2', java.version: '1.8.0_25'
Driver info: org.openqa.selenium.chrome.ChromeDriver
Capabilities [{applicationCacheEnabled=false, rotatable=false, chrome={userDataDir=C:\Users\Lana\AppData\Local\Temp\scoped_dir4452_28286}, takesHeapSnapshot=true, databaseEnabled=false, handlesAlerts=true, version=41.0.2272.89, platform=WIN8, browserConnectionEnabled=false, nativeEvents=true, acceptSslCerts=true, locationContextEnabled=true, webStorageEnabled=true, browserName=chrome, takesScreenshot=true, javascriptEnabled=true, cssSelectorsEnabled=true}]
Session ID: 258f420ec8e5c68e51c8336ba8c180a2
*** Element info: {Using=css selector, value=#base_name}
For documentation on this error, please visit: http://seleniumhq.org/exceptions/no_such_element.html
Build info: version: '2.44.0', revision: '76d78cf', time: '2014-10-23 20:03:00'
System info: host: 'PC-SBARANOVA', ip: '192.168.56.1', os.name: 'Windows 8', os.arch: 'amd64', os.version: '6.2', java.version: '1.8.0_25'
Driver info: driver.version: EventFiringWebDriver
	at sun.reflect.NativeConstructorAccessorImpl.newInstance0(Native Method)
	at sun.reflect.NativeConstructorAccessorImpl.newInstance(Unknown Source)
	at sun.reflect.DelegatingConstructorAccessorImpl.newInstance(Unknown Source)
	at java.lang.reflect.Constructor.newInstance(Unknown Source)
	at org.openqa.selenium.remote.ErrorHandler.createThrowable(ErrorHandler.java:204)
	at org.openqa.selenium.remote.ErrorHandler.throwIfResponseFailed(ErrorHandler.java:156)
	at org.openqa.selenium.remote.RemoteWebDriver.execute(RemoteWebDriver.java:599)
	at org.openqa.selenium.remote.RemoteWebDriver.findElement(RemoteWebDriver.java:352)
	at org.openqa.selenium.remote.RemoteWebDriver.findElementByCssSelector(RemoteWebDriver.java:441)
	at org.openqa.selenium.By$ByCssSelector.findElement(By.java:426)
	at org.openqa.selenium.remote.RemoteWebDriver.findElement(RemoteWebDriver.java:344)
	at sun.reflect.GeneratedMethodAccessor33.invoke(Unknown Source)
	at sun.reflect.DelegatingMethodAccessorImpl.invoke(Unknown Source)
	at java.lang.reflect.Method.invoke(Unknown Source)
	at org.openqa.selenium.support.events.EventFiringWebDriver$2.invoke(EventFiringWebDriver.java:101)
	at com.sun.proxy.$Proxy4.findElement(Unknown Source)
	at org.openqa.selenium.support.events.EventFiringWebDriver.findElement(EventFiringWebDriver.java:184)
	at org.openqa.selenium.remote.server.handler.FindElement.call(FindElement.java:47)
	at org.openqa.selenium.remote.server.handler.FindElement.call(FindElement.java:1)
	at java.util.concurrent.FutureTask.run(Unknown Source)
	at org.openqa.selenium.remote.server.DefaultSession$1.run(DefaultSession.java:168)
	at java.util.concurrent.ThreadPoolExecutor.runWorker(Unknown Source)
	at java.util.concurrent.ThreadPoolExecutor$Worker.run(Unknown Source)
	at java.lang.Thread.run(Unknown Source)
]]>
            </full-stacktrace>
          </exception> <!-- org.openqa.selenium.NoSuchElementException -->
          <reporter-output>
          </reporter-output>
        </test-method> <!-- testUntitled8 -->
        <test-method status="PASS" signature="stopDriver()[pri:0, instance:clients.Details@5afa04c]" name="stopDriver" is-config="true" duration-ms="1337" started-at="2015-03-18T15:48:09Z" finished-at="2015-03-18T15:48:10Z">
          <reporter-output>
          </reporter-output>
        </test-method> <!-- stopDriver -->
      </class> <!-- clients.Details -->
      <class name="about.Contact_us">
        <test-method status="PASS" signature="init()[pri:0, instance:about.Contact_us@39fb3ab6]" name="init" is-config="true" duration-ms="1994" started-at="2015-03-18T15:46:59Z" finished-at="2015-03-18T15:47:01Z">
          <reporter-output>
          </reporter-output>
        </test-method> <!-- init -->
        <test-method status="PASS" signature="testUntitled6()[pri:0, instance:about.Contact_us@39fb3ab6]" name="testUntitled6" duration-ms="6714" started-at="2015-03-18T15:47:01Z" finished-at="2015-03-18T15:47:07Z">
          <reporter-output>
          </reporter-output>
        </test-method> <!-- testUntitled6 -->
        <test-method status="PASS" signature="stopDriver()[pri:0, instance:about.Contact_us@39fb3ab6]" name="stopDriver" is-config="true" duration-ms="1493" started-at="2015-03-18T15:47:07Z" finished-at="2015-03-18T15:47:09Z">
          <reporter-output>
          </reporter-output>
        </test-method> <!-- stopDriver -->
      </class> <!-- about.Contact_us -->
      <class name="blog.Captche_enable">
        <test-method status="PASS" signature="init()[pri:0, instance:blog.Captche_enable@6276ae34]" name="init" is-config="true" duration-ms="1982" started-at="2015-03-18T15:52:36Z" finished-at="2015-03-18T15:52:38Z">
          <reporter-output>
          </reporter-output>
        </test-method> <!-- init -->
        <test-method status="PASS" signature="testUntitled3()[pri:0, instance:blog.Captche_enable@6276ae34]" name="testUntitled3" duration-ms="20015" started-at="2015-03-18T15:52:38Z" finished-at="2015-03-18T15:52:58Z">
          <reporter-output>
          </reporter-output>
        </test-method> <!-- testUntitled3 -->
        <test-method status="PASS" signature="stopDriver()[pri:0, instance:blog.Captche_enable@6276ae34]" name="stopDriver" is-config="true" duration-ms="1495" started-at="2015-03-18T15:52:58Z" finished-at="2015-03-18T15:52:59Z">
          <reporter-output>
          </reporter-output>
        </test-method> <!-- stopDriver -->
      </class> <!-- blog.Captche_enable -->
      <class name="blog.Blog_page">
        <test-method status="PASS" signature="init()[pri:0, instance:blog.Blog_page@6574b225]" name="init" is-config="true" duration-ms="1959" started-at="2015-03-18T15:53:14Z" finished-at="2015-03-18T15:53:16Z">
          <reporter-output>
          </reporter-output>
        </test-method> <!-- init -->
        <test-method status="PASS" signature="testUntitled2()[pri:0, instance:blog.Blog_page@6574b225]" name="testUntitled2" duration-ms="12566" started-at="2015-03-18T15:53:16Z" finished-at="2015-03-18T15:53:29Z">
          <reporter-output>
          </reporter-output>
        </test-method> <!-- testUntitled2 -->
        <test-method status="PASS" signature="stopDriver()[pri:0, instance:blog.Blog_page@6574b225]" name="stopDriver" is-config="true" duration-ms="1502" started-at="2015-03-18T15:53:29Z" finished-at="2015-03-18T15:53:30Z">
          <reporter-output>
          </reporter-output>
        </test-method> <!-- stopDriver -->
      </class> <!-- blog.Blog_page -->
      <class name="services.Page">
        <test-method status="PASS" signature="init()[pri:0, instance:services.Page@5cc7c2a6]" name="init" is-config="true" duration-ms="1793" started-at="2015-03-18T15:48:55Z" finished-at="2015-03-18T15:48:57Z">
          <reporter-output>
          </reporter-output>
        </test-method> <!-- init -->
        <test-method status="PASS" signature="testUntitled2()[pri:0, instance:services.Page@5cc7c2a6]" name="testUntitled2" duration-ms="5217" started-at="2015-03-18T15:48:57Z" finished-at="2015-03-18T15:49:02Z">
          <reporter-output>
          </reporter-output>
        </test-method> <!-- testUntitled2 -->
        <test-method status="PASS" signature="stopDriver()[pri:0, instance:services.Page@5cc7c2a6]" name="stopDriver" is-config="true" duration-ms="1476" started-at="2015-03-18T15:49:02Z" finished-at="2015-03-18T15:49:04Z">
          <reporter-output>
          </reporter-output>
        </test-method> <!-- stopDriver -->
      </class> <!-- services.Page -->
      <class name="blog.Captcha_disable">
        <test-method status="PASS" signature="init()[pri:0, instance:blog.Captcha_disable@32e6e9c3]" name="init" is-config="true" duration-ms="3025" started-at="2015-03-18T15:51:20Z" finished-at="2015-03-18T15:51:24Z">
          <reporter-output>
          </reporter-output>
        </test-method> <!-- init -->
        <test-method status="PASS" signature="testUntitled3()[pri:0, instance:blog.Captcha_disable@32e6e9c3]" name="testUntitled3" duration-ms="22801" started-at="2015-03-18T15:51:24Z" finished-at="2015-03-18T15:51:46Z">
          <reporter-output>
          </reporter-output>
        </test-method> <!-- testUntitled3 -->
        <test-method status="PASS" signature="stopDriver()[pri:0, instance:blog.Captcha_disable@32e6e9c3]" name="stopDriver" is-config="true" duration-ms="1265" started-at="2015-03-18T15:51:46Z" finished-at="2015-03-18T15:51:48Z">
          <reporter-output>
          </reporter-output>
        </test-method> <!-- stopDriver -->
      </class> <!-- blog.Captcha_disable -->
      <class name="clients.JS_error">
        <test-method status="PASS" signature="init()[pri:0, instance:clients.JS_error@5056dfcb]" name="init" is-config="true" duration-ms="2456" started-at="2015-03-18T15:44:43Z" finished-at="2015-03-18T15:44:46Z">
          <reporter-output>
          </reporter-output>
        </test-method> <!-- init -->
        <test-method status="PASS" signature="testUntitled4()[pri:0, instance:clients.JS_error@5056dfcb]" name="testUntitled4" duration-ms="8499" started-at="2015-03-18T15:44:46Z" finished-at="2015-03-18T15:44:54Z">
          <reporter-output>
          </reporter-output>
        </test-method> <!-- testUntitled4 -->
        <test-method status="PASS" signature="stopDriver()[pri:0, instance:clients.JS_error@5056dfcb]" name="stopDriver" is-config="true" duration-ms="1303" started-at="2015-03-18T15:44:54Z" finished-at="2015-03-18T15:44:55Z">
          <reporter-output>
          </reporter-output>
        </test-method> <!-- stopDriver -->
      </class> <!-- clients.JS_error -->
      <class name="home.Banner">
        <test-method status="PASS" signature="init()[pri:0, instance:home.Banner@7ca48474]" name="init" is-config="true" duration-ms="2058" started-at="2015-03-18T15:46:32Z" finished-at="2015-03-18T15:46:34Z">
          <reporter-output>
          </reporter-output>
        </test-method> <!-- init -->
        <test-method status="PASS" signature="testUntitled4()[pri:0, instance:home.Banner@7ca48474]" name="testUntitled4" duration-ms="11500" started-at="2015-03-18T15:46:34Z" finished-at="2015-03-18T15:46:46Z">
          <reporter-output>
          </reporter-output>
        </test-method> <!-- testUntitled4 -->
        <test-method status="PASS" signature="stopDriver()[pri:0, instance:home.Banner@7ca48474]" name="stopDriver" is-config="true" duration-ms="1462" started-at="2015-03-18T15:46:46Z" finished-at="2015-03-18T15:46:47Z">
          <reporter-output>
          </reporter-output>
        </test-method> <!-- stopDriver -->
      </class> <!-- home.Banner -->
      <class name="clients.Navigation">
        <test-method status="PASS" signature="init()[pri:0, instance:clients.Navigation@12843fce]" name="init" is-config="true" duration-ms="1370" started-at="2015-03-18T15:48:22Z" finished-at="2015-03-18T15:48:23Z">
          <reporter-output>
          </reporter-output>
        </test-method> <!-- init -->
        <test-method status="PASS" signature="testUntitled10()[pri:0, instance:clients.Navigation@12843fce]" name="testUntitled10" duration-ms="18745" started-at="2015-03-18T15:48:23Z" finished-at="2015-03-18T15:48:42Z">
          <reporter-output>
          </reporter-output>
        </test-method> <!-- testUntitled10 -->
        <test-method status="PASS" signature="stopDriver()[pri:0, instance:clients.Navigation@12843fce]" name="stopDriver" is-config="true" duration-ms="1450" started-at="2015-03-18T15:48:42Z" finished-at="2015-03-18T15:48:44Z">
          <reporter-output>
          </reporter-output>
        </test-method> <!-- stopDriver -->
      </class> <!-- clients.Navigation -->
      <class name="contact.Contact_email_change">
        <test-method status="PASS" signature="init()[pri:0, instance:contact.Contact_email_change@13a57a3b]" name="init" is-config="true" duration-ms="1667" started-at="2015-03-18T15:50:08Z" finished-at="2015-03-18T15:50:09Z">
          <reporter-output>
          </reporter-output>
        </test-method> <!-- init -->
        <test-method status="PASS" signature="testUntitled6()[pri:0, instance:contact.Contact_email_change@13a57a3b]" name="testUntitled6" duration-ms="23596" started-at="2015-03-18T15:50:09Z" finished-at="2015-03-18T15:50:33Z">
          <reporter-output>
          </reporter-output>
        </test-method> <!-- testUntitled6 -->
        <test-method status="PASS" signature="stopDriver()[pri:0, instance:contact.Contact_email_change@13a57a3b]" name="stopDriver" is-config="true" duration-ms="1470" started-at="2015-03-18T15:50:33Z" finished-at="2015-03-18T15:50:34Z">
          <reporter-output>
          </reporter-output>
        </test-method> <!-- stopDriver -->
      </class> <!-- contact.Contact_email_change -->
      <class name="about.JS_error">
        <test-method status="PASS" signature="init()[pri:0, instance:about.JS_error@50f8360d]" name="init" is-config="true" duration-ms="2658" started-at="2015-03-18T15:44:34Z" finished-at="2015-03-18T15:44:36Z">
          <reporter-output>
          </reporter-output>
        </test-method> <!-- init -->
        <test-method status="PASS" signature="testUntitled4()[pri:0, instance:about.JS_error@50f8360d]" name="testUntitled4" duration-ms="5303" started-at="2015-03-18T15:44:36Z" finished-at="2015-03-18T15:44:42Z">
          <reporter-output>
          </reporter-output>
        </test-method> <!-- testUntitled4 -->
        <test-method status="PASS" signature="stopDriver()[pri:0, instance:about.JS_error@50f8360d]" name="stopDriver" is-config="true" duration-ms="1409" started-at="2015-03-18T15:44:42Z" finished-at="2015-03-18T15:44:43Z">
          <reporter-output>
          </reporter-output>
        </test-method> <!-- stopDriver -->
      </class> <!-- about.JS_error -->
      <class name="services.JS_error">
        <test-method status="PASS" signature="init()[pri:0, instance:services.JS_error@458ad742]" name="init" is-config="true" duration-ms="6176" started-at="2015-03-18T15:44:55Z" finished-at="2015-03-18T15:45:02Z">
          <reporter-output>
          </reporter-output>
        </test-method> <!-- init -->
        <test-method status="PASS" signature="testUntitled4()[pri:0, instance:services.JS_error@458ad742]" name="testUntitled4" duration-ms="15488" started-at="2015-03-18T15:45:02Z" finished-at="2015-03-18T15:45:17Z">
          <reporter-output>
          </reporter-output>
        </test-method> <!-- testUntitled4 -->
        <test-method status="PASS" signature="stopDriver()[pri:0, instance:services.JS_error@458ad742]" name="stopDriver" is-config="true" duration-ms="1334" started-at="2015-03-18T15:45:17Z" finished-at="2015-03-18T15:45:18Z">
          <reporter-output>
          </reporter-output>
        </test-method> <!-- stopDriver -->
      </class> <!-- services.JS_error -->
    </test> <!-- Test1 -->
  </suite> <!-- Tests -->
</testng-results>
